<?xml version="1.0" encoding="UTF-8"?>
<testng-results ignored="0" total="1" passed="1" failed="0" skipped="0">
  <reporter-output>
  </reporter-output>
  <suite started-at="2023-06-21T20:19:12 IST" name="Default suite" finished-at="2023-06-21T20:19:19 IST" duration-ms="7187">
    <groups>
    </groups>
    <test started-at="2023-06-21T20:19:12 IST" name="Default test" finished-at="2023-06-21T20:19:19 IST" duration-ms="7187">
      <class name="com.gitDemo.Grid.Test1">
        <test-method signature="Checkin()[pri:0, instance:com.gitDemo.Grid.Test1@662b4c69]" started-at="2023-06-21T20:19:12 IST" name="Checkin" finished-at="2023-06-21T20:19:19 IST" duration-ms="7125" status="PASS">
          <reporter-output>
          </reporter-output>
        </test-method> <!-- Checkin -->
      </class> <!-- com.gitDemo.Grid.Test1 -->
    </test> <!-- Default test -->
  </suite> <!-- Default suite -->
</testng-results>
